{
  "RSpec": {
    "coverage": {
      "/Users/ryancanton/Documents/Turing/3_mod/solo_projects/lunch_and_learn/app/models/user.rb": {
        "lines": [
          1,
          1,
          1,
          27,
          1,
          null,
          null
        ]
      },
      "/Users/ryancanton/Documents/Turing/3_mod/solo_projects/lunch_and_learn/app/models/application_record.rb": {
        "lines": [
          1,
          1,
          null
        ]
      },
      "/Users/ryancanton/Documents/Turing/3_mod/solo_projects/lunch_and_learn/app/serializers/learning_resources_serializer.rb": {
        "lines": [
          0,
          0,
          0,
          0,
          0,
          0,
          0,
          0,
          0,
          0,
          0,
          0,
          0,
          0,
          0,
          0,
          0,
          null,
          0,
          0,
          0,
          0,
          0,
          0,
          0,
          0,
          0,
          null
        ],
        "branches": {
        }
      },
      "/Users/ryancanton/Documents/Turing/3_mod/solo_projects/lunch_and_learn/app/serializers/tourist_sight_serializer.rb": {
        "lines": [
          0,
          0,
          0,
          0,
          0,
          0
        ],
        "branches": {
        }
      },
      "/Users/ryancanton/Documents/Turing/3_mod/solo_projects/lunch_and_learn/app/serializers/recipe_serializer.rb": {
        "lines": [
          0,
          0,
          0,
          0,
          0,
          0
        ],
        "branches": {
        }
      },
      "/Users/ryancanton/Documents/Turing/3_mod/solo_projects/lunch_and_learn/app/facades/unsplash_images_facade.rb": {
        "lines": [
          0,
          0,
          0,
          0,
          0,
          0,
          0,
          0
        ],
        "branches": {
        }
      },
      "/Users/ryancanton/Documents/Turing/3_mod/solo_projects/lunch_and_learn/app/facades/countries_facade.rb": {
        "lines": [
          0,
          0,
          0,
          0,
          0,
          0,
          null,
          0,
          0,
          0,
          0,
          0
        ],
        "branches": {
        }
      },
      "/Users/ryancanton/Documents/Turing/3_mod/solo_projects/lunch_and_learn/app/facades/recipes_facade.rb": {
        "lines": [
          0,
          0,
          0,
          0,
          0,
          0
        ],
        "branches": {
        }
      },
      "/Users/ryancanton/Documents/Turing/3_mod/solo_projects/lunch_and_learn/app/facades/tourist_sights_facade.rb": {
        "lines": [
          0,
          0,
          0,
          0,
          0,
          0,
          0
        ],
        "branches": {
        }
      },
      "/Users/ryancanton/Documents/Turing/3_mod/solo_projects/lunch_and_learn/app/facades/learning_resources_facade.rb": {
        "lines": [
          0,
          0,
          0,
          0,
          0,
          0,
          0
        ],
        "branches": {
        }
      },
      "/Users/ryancanton/Documents/Turing/3_mod/solo_projects/lunch_and_learn/app/facades/youtube_facade.rb": {
        "lines": [
          0,
          0,
          0,
          0,
          0,
          0
        ],
        "branches": {
        }
      },
      "/Users/ryancanton/Documents/Turing/3_mod/solo_projects/lunch_and_learn/app/poros/image.rb": {
        "lines": [
          0,
          0,
          0,
          null,
          0,
          0,
          0,
          0,
          0
        ],
        "branches": {
        }
      },
      "/Users/ryancanton/Documents/Turing/3_mod/solo_projects/lunch_and_learn/app/poros/video.rb": {
        "lines": [
          0,
          0,
          0,
          null,
          0,
          0,
          0,
          0,
          0
        ],
        "branches": {
        }
      },
      "/Users/ryancanton/Documents/Turing/3_mod/solo_projects/lunch_and_learn/app/poros/learning_resource.rb": {
        "lines": [
          0,
          0,
          0,
          0,
          null,
          0,
          0,
          0,
          0,
          0,
          0
        ],
        "branches": {
        }
      },
      "/Users/ryancanton/Documents/Turing/3_mod/solo_projects/lunch_and_learn/app/poros/recipe.rb": {
        "lines": [
          0,
          0,
          0,
          0,
          0,
          0,
          null,
          0,
          0,
          0,
          0,
          0,
          0,
          0,
          0
        ],
        "branches": {
        }
      },
      "/Users/ryancanton/Documents/Turing/3_mod/solo_projects/lunch_and_learn/app/poros/tourist_sight.rb": {
        "lines": [
          0,
          0,
          0,
          0,
          0,
          null,
          0,
          0,
          0,
          0,
          0,
          0,
          0
        ],
        "branches": {
        }
      },
      "/Users/ryancanton/Documents/Turing/3_mod/solo_projects/lunch_and_learn/app/poros/country.rb": {
        "lines": [
          0,
          0,
          null,
          0,
          0,
          0,
          0
        ],
        "branches": {
        }
      },
      "/Users/ryancanton/Documents/Turing/3_mod/solo_projects/lunch_and_learn/app/poros/capital.rb": {
        "lines": [
          0,
          0,
          0,
          null,
          0,
          0,
          0,
          0,
          0
        ],
        "branches": {
        }
      },
      "/Users/ryancanton/Documents/Turing/3_mod/solo_projects/lunch_and_learn/app/services/unsplash_service.rb": {
        "lines": [
          0,
          0,
          0,
          0,
          0,
          0,
          0
        ],
        "branches": {
        }
      },
      "/Users/ryancanton/Documents/Turing/3_mod/solo_projects/lunch_and_learn/app/services/youtube_service.rb": {
        "lines": [
          0,
          0,
          0,
          0,
          0,
          0,
          0,
          null,
          0
        ],
        "branches": {
        }
      },
      "/Users/ryancanton/Documents/Turing/3_mod/solo_projects/lunch_and_learn/app/services/tourist_sights_service.rb": {
        "lines": [
          0,
          0,
          0,
          0,
          0,
          0,
          0
        ],
        "branches": {
        }
      },
      "/Users/ryancanton/Documents/Turing/3_mod/solo_projects/lunch_and_learn/app/services/recipes_service.rb": {
        "lines": [
          0,
          0,
          0,
          0,
          0,
          0,
          0
        ],
        "branches": {
        }
      },
      "/Users/ryancanton/Documents/Turing/3_mod/solo_projects/lunch_and_learn/app/services/countries_service.rb": {
        "lines": [
          0,
          0,
          0,
          0,
          0,
          0,
          null,
          0,
          0,
          0,
          0,
          0,
          0
        ],
        "branches": {
        }
      }
    },
    "timestamp": 1678218612
  }
}
