{
  "RSpec": {
    "coverage": {
      "/Users/ryancanton/Documents/Turing/3_mod/solo_projects/lunch_and_learn/app/facades/countries_facade.rb": {
        "lines": [
          1,
          1,
          1,
          251,
          1,
          null,
          null
        ]
      },
      "/Users/ryancanton/Documents/Turing/3_mod/solo_projects/lunch_and_learn/app/services/countries_service.rb": {
        "lines": [
          1,
          1,
          1,
          1,
          1,
          null,
          null
        ]
      },
      "/Users/ryancanton/Documents/Turing/3_mod/solo_projects/lunch_and_learn/app/poros/country.rb": {
        "lines": [
          1,
          1,
          null,
          1,
          250,
          null,
          null
        ]
      },
      "/Users/ryancanton/Documents/Turing/3_mod/solo_projects/lunch_and_learn/app/facades/recipes_facade.rb": {
        "lines": [
          1,
          1,
          1,
          21,
          null,
          null
        ]
      },
      "/Users/ryancanton/Documents/Turing/3_mod/solo_projects/lunch_and_learn/app/services/recipes_service.rb": {
        "lines": [
          1,
          null,
          1,
          1,
          1,
          1,
          null,
          null,
          null
        ]
      },
      "/Users/ryancanton/Documents/Turing/3_mod/solo_projects/lunch_and_learn/app/poros/recipe.rb": {
        "lines": [
          1,
          1,
          null,
          null,
          null,
          null,
          null,
          1,
          20,
          20,
          20,
          20,
          20,
          null,
          null
        ]
      },
      "/Users/ryancanton/Documents/Turing/3_mod/solo_projects/lunch_and_learn/app/serializers/recipe_serializer.rb": {
        "lines": [
          1,
          1,
          1,
          1,
          1,
          null
        ]
      },
      "/Users/ryancanton/Documents/Turing/3_mod/solo_projects/lunch_and_learn/app/models/application_record.rb": {
        "lines": [
          0,
          0,
          0
        ],
        "branches": {
        }
      }
    },
    "timestamp": 1678067222
  }
}
